2024-08-05T07:04:41.236+03:00  INFO 10824 --- [ToDoApplication] [main] com.alcanl.app.ToDoApplication           : Starting ToDoApplication using Java 21 with PID 10824 (C:\Users\alica\Documents\GitHub\ToDoApplication\target\classes started by alica in C:\Users\alica\Documents\GitHub\ToDoApplication)
2024-08-05T07:04:41.261+03:00  INFO 10824 --- [ToDoApplication] [main] com.alcanl.app.ToDoApplication           : No active profile set, falling back to 1 default profile: "default"
2024-08-05T07:04:43.848+03:00  INFO 10824 --- [ToDoApplication] [main] o.apache.catalina.core.StandardService   : Starting service [Tomcat]
2024-08-05T07:04:43.848+03:00  INFO 10824 --- [ToDoApplication] [main] o.apache.catalina.core.StandardEngine    : Starting Servlet engine: [Apache Tomcat/10.1.24]
2024-08-05T07:04:43.938+03:00  INFO 10824 --- [ToDoApplication] [main] o.a.c.c.C.[Tomcat].[localhost].[/]       : Initializing Spring embedded WebApplicationContext
2024-08-05T07:04:44.975+03:00  INFO 10824 --- [ToDoApplication] [main] com.zaxxer.hikari.HikariDataSource       : HikariPool-1 - Starting...
2024-08-05T07:04:45.333+03:00  INFO 10824 --- [ToDoApplication] [main] com.zaxxer.hikari.pool.HikariPool        : HikariPool-1 - Added connection org.postgresql.jdbc.PgConnection@61dd1c3d
2024-08-05T07:04:45.336+03:00  INFO 10824 --- [ToDoApplication] [main] com.zaxxer.hikari.HikariDataSource       : HikariPool-1 - Start completed.
2024-08-05T07:04:48.988+03:00  INFO 10824 --- [ToDoApplication] [main] com.alcanl.app.ToDoApplication           : Started ToDoApplication in 8.588 seconds (process running for 11.858)
2024-08-05T07:20:46.249+03:00  INFO 10824 --- [ToDoApplication] [SpringApplicationShutdownHook] com.zaxxer.hikari.HikariDataSource       : HikariPool-1 - Shutdown initiated...
2024-08-05T07:20:46.308+03:00  INFO 10824 --- [ToDoApplication] [SpringApplicationShutdownHook] com.zaxxer.hikari.HikariDataSource       : HikariPool-1 - Shutdown completed.
2024-08-05T07:21:07.252+03:00  INFO 2872 --- [ToDoApplication] [main] com.alcanl.app.ToDoApplication           : Starting ToDoApplication using Java 21 with PID 2872 (C:\Users\alica\Documents\GitHub\ToDoApplication\target\classes started by alica in C:\Users\alica\Documents\GitHub\ToDoApplication)
2024-08-05T07:21:07.256+03:00  INFO 2872 --- [ToDoApplication] [main] com.alcanl.app.ToDoApplication           : No active profile set, falling back to 1 default profile: "default"
2024-08-05T07:21:09.724+03:00  INFO 2872 --- [ToDoApplication] [main] o.apache.catalina.core.StandardService   : Starting service [Tomcat]
2024-08-05T07:21:09.724+03:00  INFO 2872 --- [ToDoApplication] [main] o.apache.catalina.core.StandardEngine    : Starting Servlet engine: [Apache Tomcat/10.1.24]
2024-08-05T07:21:09.802+03:00  INFO 2872 --- [ToDoApplication] [main] o.a.c.c.C.[Tomcat].[localhost].[/]       : Initializing Spring embedded WebApplicationContext
2024-08-05T07:21:10.747+03:00  INFO 2872 --- [ToDoApplication] [main] com.zaxxer.hikari.HikariDataSource       : HikariPool-1 - Starting...
2024-08-05T07:21:11.004+03:00  INFO 2872 --- [ToDoApplication] [main] com.zaxxer.hikari.pool.HikariPool        : HikariPool-1 - Added connection org.postgresql.jdbc.PgConnection@2bc0b8c8
2024-08-05T07:21:11.007+03:00  INFO 2872 --- [ToDoApplication] [main] com.zaxxer.hikari.HikariDataSource       : HikariPool-1 - Start completed.
2024-08-05T07:21:13.715+03:00  INFO 2872 --- [ToDoApplication] [main] com.alcanl.app.ToDoApplication           : Started ToDoApplication in 7.258 seconds (process running for 8.654)
2024-08-05T07:22:13.556+03:00  INFO 2872 --- [ToDoApplication] [SpringApplicationShutdownHook] com.zaxxer.hikari.HikariDataSource       : HikariPool-1 - Shutdown initiated...
2024-08-05T07:22:13.591+03:00  INFO 2872 --- [ToDoApplication] [SpringApplicationShutdownHook] com.zaxxer.hikari.HikariDataSource       : HikariPool-1 - Shutdown completed.
2024-08-05T07:22:23.653+03:00  INFO 8716 --- [ToDoApplication] [main] com.alcanl.app.ToDoApplication           : Starting ToDoApplication using Java 21 with PID 8716 (C:\Users\alica\Documents\GitHub\ToDoApplication\target\classes started by alica in C:\Users\alica\Documents\GitHub\ToDoApplication)
2024-08-05T07:22:23.658+03:00  INFO 8716 --- [ToDoApplication] [main] com.alcanl.app.ToDoApplication           : No active profile set, falling back to 1 default profile: "default"
2024-08-05T07:22:26.272+03:00  INFO 8716 --- [ToDoApplication] [main] o.apache.catalina.core.StandardService   : Starting service [Tomcat]
2024-08-05T07:22:26.272+03:00  INFO 8716 --- [ToDoApplication] [main] o.apache.catalina.core.StandardEngine    : Starting Servlet engine: [Apache Tomcat/10.1.24]
2024-08-05T07:22:26.362+03:00  INFO 8716 --- [ToDoApplication] [main] o.a.c.c.C.[Tomcat].[localhost].[/]       : Initializing Spring embedded WebApplicationContext
2024-08-05T07:22:27.240+03:00  INFO 8716 --- [ToDoApplication] [main] com.zaxxer.hikari.HikariDataSource       : HikariPool-1 - Starting...
2024-08-05T07:22:27.530+03:00  INFO 8716 --- [ToDoApplication] [main] com.zaxxer.hikari.pool.HikariPool        : HikariPool-1 - Added connection org.postgresql.jdbc.PgConnection@338d47b
2024-08-05T07:22:27.533+03:00  INFO 8716 --- [ToDoApplication] [main] com.zaxxer.hikari.HikariDataSource       : HikariPool-1 - Start completed.
2024-08-05T07:22:30.865+03:00  INFO 8716 --- [ToDoApplication] [main] com.alcanl.app.ToDoApplication           : Started ToDoApplication in 8.124 seconds (process running for 9.749)
2024-08-05T07:23:37.932+03:00  INFO 8716 --- [ToDoApplication] [SpringApplicationShutdownHook] com.zaxxer.hikari.HikariDataSource       : HikariPool-1 - Shutdown initiated...
2024-08-05T07:23:37.949+03:00  INFO 8716 --- [ToDoApplication] [SpringApplicationShutdownHook] com.zaxxer.hikari.HikariDataSource       : HikariPool-1 - Shutdown completed.
2024-08-05T07:23:54.492+03:00  INFO 13000 --- [ToDoApplication] [main] com.alcanl.app.ToDoApplication           : Starting ToDoApplication using Java 21 with PID 13000 (C:\Users\alica\Documents\GitHub\ToDoApplication\target\classes started by alica in C:\Users\alica\Documents\GitHub\ToDoApplication)
2024-08-05T07:23:54.496+03:00  INFO 13000 --- [ToDoApplication] [main] com.alcanl.app.ToDoApplication           : No active profile set, falling back to 1 default profile: "default"
2024-08-05T07:23:56.696+03:00  INFO 13000 --- [ToDoApplication] [main] o.apache.catalina.core.StandardService   : Starting service [Tomcat]
2024-08-05T07:23:56.696+03:00  INFO 13000 --- [ToDoApplication] [main] o.apache.catalina.core.StandardEngine    : Starting Servlet engine: [Apache Tomcat/10.1.24]
2024-08-05T07:23:56.780+03:00  INFO 13000 --- [ToDoApplication] [main] o.a.c.c.C.[Tomcat].[localhost].[/]       : Initializing Spring embedded WebApplicationContext
2024-08-05T07:23:57.563+03:00  INFO 13000 --- [ToDoApplication] [main] com.zaxxer.hikari.HikariDataSource       : HikariPool-1 - Starting...
2024-08-05T07:23:57.821+03:00  INFO 13000 --- [ToDoApplication] [main] com.zaxxer.hikari.pool.HikariPool        : HikariPool-1 - Added connection org.postgresql.jdbc.PgConnection@15f861ee
2024-08-05T07:23:57.824+03:00  INFO 13000 --- [ToDoApplication] [main] com.zaxxer.hikari.HikariDataSource       : HikariPool-1 - Start completed.
2024-08-05T07:24:00.506+03:00  INFO 13000 --- [ToDoApplication] [main] com.zaxxer.hikari.HikariDataSource       : HikariPool-1 - Shutdown initiated...
2024-08-05T07:24:00.517+03:00  INFO 13000 --- [ToDoApplication] [main] com.zaxxer.hikari.HikariDataSource       : HikariPool-1 - Shutdown completed.
2024-08-05T07:24:00.576+03:00 ERROR 13000 --- [ToDoApplication] [main] o.s.b.d.LoggingFailureAnalysisReporter   : 

***************************
APPLICATION FAILED TO START
***************************

Description:

Web server failed to start. Port 3000 was already in use.

Action:

Identify and stop the process that's listening on port 3000 or configure this application to listen on another port.

2024-08-05T07:24:28.111+03:00  INFO 18908 --- [ToDoApplication] [main] com.alcanl.app.ToDoApplication           : Starting ToDoApplication using Java 21 with PID 18908 (C:\Users\alica\Documents\GitHub\ToDoApplication\target\classes started by alica in C:\Users\alica\Documents\GitHub\ToDoApplication)
2024-08-05T07:24:28.125+03:00  INFO 18908 --- [ToDoApplication] [main] com.alcanl.app.ToDoApplication           : No active profile set, falling back to 1 default profile: "default"
2024-08-05T07:24:32.558+03:00  INFO 18908 --- [ToDoApplication] [main] o.apache.catalina.core.StandardService   : Starting service [Tomcat]
2024-08-05T07:24:32.558+03:00  INFO 18908 --- [ToDoApplication] [main] o.apache.catalina.core.StandardEngine    : Starting Servlet engine: [Apache Tomcat/10.1.24]
2024-08-05T07:24:32.677+03:00  INFO 18908 --- [ToDoApplication] [main] o.a.c.c.C.[Tomcat].[localhost].[/]       : Initializing Spring embedded WebApplicationContext
2024-08-05T07:24:33.997+03:00  INFO 18908 --- [ToDoApplication] [main] com.zaxxer.hikari.HikariDataSource       : HikariPool-1 - Starting...
2024-08-05T07:24:34.302+03:00  INFO 18908 --- [ToDoApplication] [main] com.zaxxer.hikari.pool.HikariPool        : HikariPool-1 - Added connection org.postgresql.jdbc.PgConnection@1cc9bd9b
2024-08-05T07:24:34.304+03:00  INFO 18908 --- [ToDoApplication] [main] com.zaxxer.hikari.HikariDataSource       : HikariPool-1 - Start completed.
2024-08-05T07:24:39.367+03:00  INFO 18908 --- [ToDoApplication] [main] com.alcanl.app.ToDoApplication           : Started ToDoApplication in 12.655 seconds (process running for 14.274)
2024-08-05T07:32:09.293+03:00  INFO 18908 --- [ToDoApplication] [http-nio-4444-exec-1] o.a.c.c.C.[Tomcat].[localhost].[/]       : Initializing Spring DispatcherServlet 'dispatcherServlet'
2024-08-05T07:46:22.107+03:00  INFO 18908 --- [ToDoApplication] [SpringApplicationShutdownHook] com.zaxxer.hikari.HikariDataSource       : HikariPool-1 - Shutdown initiated...
2024-08-05T07:46:22.128+03:00  INFO 18908 --- [ToDoApplication] [SpringApplicationShutdownHook] com.zaxxer.hikari.HikariDataSource       : HikariPool-1 - Shutdown completed.
2024-08-05T07:46:40.307+03:00  INFO 21620 --- [ToDoApplication] [main] com.alcanl.app.ToDoApplication           : Starting ToDoApplication using Java 21 with PID 21620 (C:\Users\alica\Documents\GitHub\ToDoApplication\target\classes started by alica in C:\Users\alica\Documents\GitHub\ToDoApplication)
2024-08-05T07:46:40.311+03:00  INFO 21620 --- [ToDoApplication] [main] com.alcanl.app.ToDoApplication           : No active profile set, falling back to 1 default profile: "default"
2024-08-05T07:46:42.480+03:00  INFO 21620 --- [ToDoApplication] [main] o.apache.catalina.core.StandardService   : Starting service [Tomcat]
2024-08-05T07:46:42.481+03:00  INFO 21620 --- [ToDoApplication] [main] o.apache.catalina.core.StandardEngine    : Starting Servlet engine: [Apache Tomcat/10.1.24]
2024-08-05T07:46:42.559+03:00  INFO 21620 --- [ToDoApplication] [main] o.a.c.c.C.[Tomcat].[localhost].[/]       : Initializing Spring embedded WebApplicationContext
2024-08-05T07:46:43.483+03:00  INFO 21620 --- [ToDoApplication] [main] com.zaxxer.hikari.HikariDataSource       : HikariPool-1 - Starting...
2024-08-05T07:46:43.750+03:00  INFO 21620 --- [ToDoApplication] [main] com.zaxxer.hikari.pool.HikariPool        : HikariPool-1 - Added connection org.postgresql.jdbc.PgConnection@5a6195b8
2024-08-05T07:46:43.753+03:00  INFO 21620 --- [ToDoApplication] [main] com.zaxxer.hikari.HikariDataSource       : HikariPool-1 - Start completed.
2024-08-05T07:46:46.449+03:00  INFO 21620 --- [ToDoApplication] [main] com.alcanl.app.ToDoApplication           : Started ToDoApplication in 6.874 seconds (process running for 8.235)
2024-08-05T07:59:27.576+03:00  INFO 21620 --- [ToDoApplication] [SpringApplicationShutdownHook] com.zaxxer.hikari.HikariDataSource       : HikariPool-1 - Shutdown initiated...
2024-08-05T07:59:27.852+03:00  INFO 21620 --- [ToDoApplication] [SpringApplicationShutdownHook] com.zaxxer.hikari.HikariDataSource       : HikariPool-1 - Shutdown completed.
2024-08-05T08:09:03.928+03:00  INFO 2320 --- [ToDoApplication] [main] com.alcanl.app.ToDoApplication           : Starting ToDoApplication using Java 21 with PID 2320 (C:\Users\alica\Documents\GitHub\ToDoApplication\target\classes started by alica in C:\Users\alica\Documents\GitHub\ToDoApplication)
2024-08-05T08:09:03.933+03:00  INFO 2320 --- [ToDoApplication] [main] com.alcanl.app.ToDoApplication           : No active profile set, falling back to 1 default profile: "default"
2024-08-05T08:09:06.864+03:00  INFO 2320 --- [ToDoApplication] [main] o.apache.catalina.core.StandardService   : Starting service [Tomcat]
2024-08-05T08:09:06.865+03:00  INFO 2320 --- [ToDoApplication] [main] o.apache.catalina.core.StandardEngine    : Starting Servlet engine: [Apache Tomcat/10.1.24]
2024-08-05T08:09:07.042+03:00  INFO 2320 --- [ToDoApplication] [main] o.a.c.c.C.[Tomcat].[localhost].[/]       : Initializing Spring embedded WebApplicationContext
2024-08-05T08:09:09.361+03:00  INFO 2320 --- [ToDoApplication] [main] com.zaxxer.hikari.HikariDataSource       : HikariPool-1 - Starting...
2024-08-05T08:09:09.852+03:00  INFO 2320 --- [ToDoApplication] [main] com.zaxxer.hikari.pool.HikariPool        : HikariPool-1 - Added connection org.postgresql.jdbc.PgConnection@3d798e76
2024-08-05T08:09:09.856+03:00  INFO 2320 --- [ToDoApplication] [main] com.zaxxer.hikari.HikariDataSource       : HikariPool-1 - Start completed.
2024-08-05T08:09:15.364+03:00  INFO 2320 --- [ToDoApplication] [main] com.alcanl.app.ToDoApplication           : Started ToDoApplication in 12.33 seconds (process running for 14.045)
2024-08-05T08:51:40.841+03:00  INFO 2320 --- [ToDoApplication] [SpringApplicationShutdownHook] com.zaxxer.hikari.HikariDataSource       : HikariPool-1 - Shutdown initiated...
2024-08-05T08:51:40.886+03:00  INFO 2320 --- [ToDoApplication] [SpringApplicationShutdownHook] com.zaxxer.hikari.HikariDataSource       : HikariPool-1 - Shutdown completed.
